C51 COMPILER V9.59.0.0   KEY                                                               02/16/2022 00:19:39 PAGE 1   


C51 COMPILER V9.59.0.0, COMPILATION OF MODULE KEY
OBJECT MODULE PLACED IN key.OBJ
COMPILER INVOKED BY: D:\Keil\C51\BIN\C51.EXE key.c BROWSE DEBUG OBJECTEXTEND

line level    source

   1          #include "key.h"
   2          void delay(unsigned int i)       //延时函数
   3          {
   4   1        unsigned int j,k; 
   5   1        for(j=i;j>0;j--)
   6   1          for(k=125;k>0;k--);
   7   1      }  
   8          
   9          //--16位按键扫描
  10          unsigned char Key_Read(void)
  11          {
  12   1              
  13   1              unsigned char Key_Value;
  14   1              unsigned char confirm_first_founcation=0,confirm_second_founcation=0,confirm_founcation=0;
  15   1              unsigned int num=99;
  16   1                  P1=0xf0;
  17   1              if(P1!=0Xf0)
  18   1                      {
  19   2                              delay(20);
  20   2                              confirm_first_founcation=P1;
  21   2                              P1=0x0f;
  22   2                 if(P1!=0x0f)   
  23   2                              {
  24   3                                      confirm_second_founcation=P1;
  25   3                              }
  26   2                      }
  27   1                              confirm_founcation=confirm_first_founcation+confirm_second_founcation;   
  28   1              
  29   1              switch(confirm_founcation)
  30   1              {
  31   2                      case 0xee: Key_Value = 1; break;
  32   2                      case 0xed: Key_Value = 2; break;        
  33   2                      case 0xeb: Key_Value = 3; break;        
  34   2                      case 0xe7: Key_Value = 4; break;        
  35   2              
  36   2                      case 0xde: Key_Value = 5; break;
  37   2                      case 0xdd: Key_Value = 6; break;        
  38   2                      case 0xdb: Key_Value = 7; break;        
  39   2                      case 0xd7: Key_Value = 8; break;        
  40   2      
  41   2                      case 0xbe: Key_Value = 9; break;
  42   2                      case 0xbd: Key_Value = 10; break;       
  43   2                      case 0xbb: Key_Value = 11; break;       
  44   2                      case 0xb7: Key_Value = 12; break;                       
  45   2              
  46   2                      case 0x7e: Key_Value = 13; break;
  47   2                      case 0x7d: Key_Value = 14; break;       
  48   2                      case 0x7b: Key_Value = 15; break;       
  49   2                      case 0x77: Key_Value = 16; break;                       
  50   2                      default :  Key_Value = 0;
  51   2              }
  52   1              
  53   1              return Key_Value;
  54   1              
  55   1      }
C51 COMPILER V9.59.0.0   KEY                                                               02/16/2022 00:19:39 PAGE 2   



MODULE INFORMATION:   STATIC OVERLAYABLE
   CODE SIZE        =    213    ----
   CONSTANT SIZE    =   ----    ----
   XDATA SIZE       =   ----    ----
   PDATA SIZE       =   ----    ----
   DATA SIZE        =   ----       3
   IDATA SIZE       =   ----    ----
   BIT SIZE         =   ----    ----
END OF MODULE INFORMATION.


C51 COMPILATION COMPLETE.  0 WARNING(S),  0 ERROR(S)
