C51 COMPILER V9.59.0.0   MAIN                                                              02/16/2022 00:19:39 PAGE 1   


C51 COMPILER V9.59.0.0, COMPILATION OF MODULE MAIN
OBJECT MODULE PLACED IN main.OBJ
COMPILER INVOKED BY: D:\Keil\C51\BIN\C51.EXE main.c BROWSE DEBUG OBJECTEXTEND

line level    source

   1          #include <reg52.h>
   2          #include <key.h>
   3          #include "Timer.h"
   4          #include <intrins.h>
   5          #include<string.h>
   6          void Key_Proc(void);
   7          
   8          
   9          //--定时器滴答变量
  10          unsigned long ms_Tick = 0;
  11          //--定时器减速变量
  12          unsigned int SlowDown_Key;
  13          //--按键变量
  14          unsigned char Key_Value;
  15          unsigned char Key_Old, Key_Down;
  16          typedef unsigned char uchar;
  17          typedef unsigned int uint;
  18          uchar j;
  19          uint number=100;
  20          uint n=0;
  21          uint fre=0;   //八位密码
  22          uint set=0;        //设置密码标志（-1表示可以设置）（1表示不可设置）
  23          uint open=0;       //等于1时开始输入密码开锁
  24          sbit  BEEP=P2^5;
  25          sbit  LED=P2^6;
  26          sbit P2_0 = P2^0;
  27          sbit P2_1 = P2^1;
  28          sbit P2_2 = P2^2;
  29          sbit P2_3 = P2^3;
  30          sbit lock = P2^7;
  31          uint password_test[8]={0,0,0,0,0,0,0,0};
  32          uint password_admin[8]={1,1,1,1,1,1,1,1};
  33          int i;
  34          uchar code table[]={0xc0,0xf9,0xa4,0xb0,0x99,0x92,0x82,0xf8,0x80,0x90};//共阳数字编码
  35          
  36          void main(void)
  37          {
  38   1        Timer1Init();
  39   1              EA = 1; 
  40   1              lock=1;
  41   1              BEEP=1;
  42   1              LED=0;    
  43   1              while(1)
  44   1              {
  45   2                      if(fre>8){
  46   3                      fre=1;}
  47   2              Key_Proc();
  48   2                       
  49   2                      P2_3=0;
  50   2                      P0=0xff;
  51   2                      P0=table[number];
  52   2                      delay(5);
  53   2                      P2_3=1;
  54   2      
  55   2                      P2_1=0;
C51 COMPILER V9.59.0.0   MAIN                                                              02/16/2022 00:19:39 PAGE 2   

  56   2                      P0=0xff;
  57   2                      P0=table[fre];
  58   2                      delay(5);
  59   2                      P2_1=1;
  60   2      
  61   2                      P2_0=0;
  62   2                      P0=0xff;
  63   2                      P0=0x8e;
  64   2                      delay(5);
  65   2                      P2_0=1;
  66   2      
  67   2                      P2_2=0;
  68   2                      P0=0xff;
  69   2                      P0=0xc8;
  70   2                      delay(5);
  71   2                      P2_2=1;
  72   2              
  73   2                      i++;
  74   2                      if(i>8)
  75   2                              i=0;
  76   2                      if(fre==i&&set==1){
  77   3                              password_test[i]=number;
  78   3                              password_admin[i]=number;}
  79   2                      
  80   2                      if(open==1&&(memcmp(password_test,password_admin,sizeof password_admin)==0))
  81   2                      {
  82   3                              lock=0;
  83   3                              open=0;
  84   3                              fre=0;
  85   3                              for(n=0;i<8;i++)
  86   3                                      password_admin[i]=99;
  87   3              }               
  88   2                      if(n==3)
  89   2                      {
  90   3                              if(memcmp(password_test,password_admin,sizeof password_admin)!=0)
  91   3                              {
  92   4                              open=0;
  93   4                              fre=0;
  94   4                              BEEP=0;
  95   4                              delay(100);     
  96   4                              for(n=0;i<8;i++)
  97   4                                      password_admin[i]=99;
  98   4                              }
  99   3                      }
 100   2      
 101   2          
 102   2               
 103   2                      if(n!=3){
 104   3                          BEEP=1;}
 105   2              }
 106   1      }
 107          
 108          
 109          
 110          
 111          void tm1_isr() interrupt 3
 112          {
 113   1              ms_Tick++;
 114   1              if(++SlowDown_Key == 3) SlowDown_Key = 0;
 115   1      }
 116          
 117          void    Key_Proc(void)
C51 COMPILER V9.59.0.0   MAIN                                                              02/16/2022 00:19:39 PAGE 3   

 118          {
 119   1              if(SlowDown_Key) return;
 120   1              SlowDown_Key = 1;
 121   1              Key_Value = Key_Read();
 122   1              Key_Down = Key_Value & (Key_Old ^ Key_Value);
 123   1              Key_Old = Key_Value;
 124   1      
 125   1              if((Key_Down-1>=0) && (Key_Down-1<=9)){
 126   2                      number=Key_Down-1;
 127   2                      fre++;}
 128   1              if(Key_Down>=10)
 129   1                      fre=0;
 130   1              if(Key_Down==11)
 131   1                      set=1;
 132   1              if(Key_Down==12)
 133   1                      set=0;
 134   1              if(Key_Down==13){
 135   2                      open=1;
 136   2                      n++;
 137   2                      }
 138   1              if(Key_Down==14){
 139   2                      open=0;
 140   2                      lock = 1;
 141   2                      n=0;
 142   2              }
 143   1              
 144   1      }
 145          


MODULE INFORMATION:   STATIC OVERLAYABLE
   CODE SIZE        =    566    ----
   CONSTANT SIZE    =     10    ----
   XDATA SIZE       =   ----    ----
   PDATA SIZE       =   ----    ----
   DATA SIZE        =     54    ----
   IDATA SIZE       =   ----    ----
   BIT SIZE         =   ----    ----
END OF MODULE INFORMATION.


C51 COMPILATION COMPLETE.  0 WARNING(S),  0 ERROR(S)
