C51 COMPILER V9.59.0.0   TIMER                                                             02/16/2022 00:19:39 PAGE 1   


C51 COMPILER V9.59.0.0, COMPILATION OF MODULE TIMER
OBJECT MODULE PLACED IN Timer.OBJ
COMPILER INVOKED BY: D:\Keil\C51\BIN\C51.EXE Timer.c BROWSE DEBUG OBJECTEXTEND

line level    source

   1          #include "Timer.h"
   2          
   3          
   4          
   5          
   6          
   7          void Timer1Init(void)    //11.0592MHZ   定时时间1ms
   8          {
   9   1              TMOD|=0X10;
  10   1       
  11   1              TH1=0XFC;             //定时器初值
  12   1              TL1=0X18;             //定时器初值
  13   1              ET1=1;
  14   1              EA=1;
  15   1              TR1=1;//定时器启动      
  16   1      }


MODULE INFORMATION:   STATIC OVERLAYABLE
   CODE SIZE        =     16    ----
   CONSTANT SIZE    =   ----    ----
   XDATA SIZE       =   ----    ----
   PDATA SIZE       =   ----    ----
   DATA SIZE        =   ----    ----
   IDATA SIZE       =   ----    ----
   BIT SIZE         =   ----    ----
END OF MODULE INFORMATION.


C51 COMPILATION COMPLETE.  0 WARNING(S),  0 ERROR(S)
